TN:
SF:lcov.js
FN:9,(anonymous_0)
FN:17,(anonymous_1)
FN:18,(anonymous_2)
FN:22,(anonymous_3)
FN:34,(anonymous_4)
FN:43,(anonymous_5)
FN:65,(anonymous_6)
FNF:7
FNH:7
FNDA:1,(anonymous_0)
FNDA:4,(anonymous_1)
FNDA:3,(anonymous_2)
FNDA:1,(anonymous_3)
FNDA:6,(anonymous_4)
FNDA:1,(anonymous_5)
FNDA:1,(anonymous_6)
DA:2,1
DA:3,1
DA:5,1
DA:6,1
DA:9,1
DA:10,1
DA:16,1
DA:17,4
DA:18,3
DA:19,1
DA:22,1
DA:23,1
DA:24,1
DA:25,1
DA:34,6
DA:36,1
DA:40,1
DA:43,1
DA:44,1
DA:54,1
DA:65,1
DA:66,1
DA:67,1
DA:68,1
DA:71,1
LF:25
LH:25
BRDA:34,0,0,1
BRDA:34,0,1,1
BRF:2
BRH:2
end_of_record
